# JRE version: OpenJDK Runtime Environment (8.0_212-b04) (build 1.8.0_212-release-1586-b04)
# Java VM: OpenJDK 64-Bit Server VM (25.212-b04 mixed mode windows-amd64 compressed oops)
Heap:
 PSYoungGen      total 372224K, used 335461K [0x00000000e0000000, 0x00000000fe380000, 0x0000000100000000)
  eden space 346112K, 89% used [0x00000000e0000000,0x00000000f2e1d7a8,0x00000000f5200000)
  from space 26112K, 99% used [0x00000000f5200000,0x00000000f6b7bd38,0x00000000f6b80000)
  to   space 48128K, 0% used [0x00000000fb480000,0x00000000fb480000,0x00000000fe380000)
 ParOldGen       total 156160K, used 84769K [0x00000000a0000000, 0x00000000a9880000, 0x00000000e0000000)
  object space 156160K, 54% used [0x00000000a0000000,0x00000000a52c8608,0x00000000a9880000)
 Metaspace       used 87540K, capacity 91422K, committed 91648K, reserved 1128448K
  class space    used 11533K, capacity 12274K, committed 12288K, reserved 1048576K
GC Heap History (10 events):
Event: 15.806 GC heap before
{Heap before GC invocations=10 (full 2):
 PSYoungGen      total 197632K, used 184832K [0x00000000e0000000, 0x00000000f3380000, 0x0000000100000000)
  eden space 184832K, 100% used [0x00000000e0000000,0x00000000eb480000,0x00000000eb480000)
  from space 12800K, 0% used [0x00000000eb480000,0x00000000eb480000,0x00000000ec100000)
  to   space 13824K, 0% used [0x00000000f2600000,0x00000000f2600000,0x00000000f3380000)
 ParOldGen       total 106496K, used 18797K [0x00000000a0000000, 0x00000000a6800000, 0x00000000e0000000)
  object space 106496K, 17% used [0x00000000a0000000,0x00000000a125b518,0x00000000a6800000)
 Metaspace       used 52107K, capacity 53764K, committed 53888K, reserved 1095680K
  class space    used 7122K, capacity 7543K, committed 7552K, reserved 1048576K
Event: 15.845 GC heap after
Heap after GC invocations=10 (full 2):
 PSYoungGen      total 287744K, used 13795K [0x00000000e0000000, 0x00000000f3380000, 0x0000000100000000)
  eden space 273920K, 0% used [0x00000000e0000000,0x00000000e0000000,0x00000000f0b80000)
  from space 13824K, 99% used [0x00000000f2600000,0x00000000f3378d50,0x00000000f3380000)
  to   space 19456K, 0% used [0x00000000f0d80000,0x00000000f0d80000,0x00000000f2080000)
 ParOldGen       total 106496K, used 27867K [0x00000000a0000000, 0x00000000a6800000, 0x00000000e0000000)
  object space 106496K, 26% used [0x00000000a0000000,0x00000000a1b36e38,0x00000000a6800000)
 Metaspace       used 52107K, capacity 53764K, committed 53888K, reserved 1095680K
  class space    used 7122K, capacity 7543K, committed 7552K, reserved 1048576K
}
Event: 18.017 GC heap before
{Heap before GC invocations=11 (full 2):
 PSYoungGen      total 287744K, used 95751K [0x00000000e0000000, 0x00000000f3380000, 0x0000000100000000)
  eden space 273920K, 29% used [0x00000000e0000000,0x00000000e5009290,0x00000000f0b80000)
  from space 13824K, 99% used [0x00000000f2600000,0x00000000f3378d50,0x00000000f3380000)
  to   space 19456K, 0% used [0x00000000f0d80000,0x00000000f0d80000,0x00000000f2080000)
 ParOldGen       total 106496K, used 27867K [0x00000000a0000000, 0x00000000a6800000, 0x00000000e0000000)
  object space 106496K, 26% used [0x00000000a0000000,0x00000000a1b36e38,0x00000000a6800000)
 Metaspace       used 57056K, capacity 58988K, committed 59136K, reserved 1099776K
  class space    used 7875K, capacity 8345K, committed 8448K, reserved 1048576K
Event: 18.063 GC heap after
Heap after GC invocations=11 (full 2):
 PSYoungGen      total 295424K, used 19443K [0x00000000e0000000, 0x00000000f8500000, 0x0000000100000000)
  eden space 275968K, 0% used [0x00000000e0000000,0x00000000e0000000,0x00000000f0d80000)
  from space 19456K, 99% used [0x00000000f0d80000,0x00000000f207cea8,0x00000000f2080000)
  to   space 22528K, 0% used [0x00000000f6f00000,0x00000000f6f00000,0x00000000f8500000)
 ParOldGen       total 106496K, used 28248K [0x00000000a0000000, 0x00000000a6800000, 0x00000000e0000000)
  object space 106496K, 26% used [0x00000000a0000000,0x00000000a1b96308,0x00000000a6800000)
 Metaspace       used 57056K, capacity 58988K, committed 59136K, reserved 1099776K
  class space    used 7875K, capacity 8345K, committed 8448K, reserved 1048576K
}
Event: 18.063 GC heap before
{Heap before GC invocations=12 (full 3):
 PSYoungGen      total 295424K, used 19443K [0x00000000e0000000, 0x00000000f8500000, 0x0000000100000000)
  eden space 275968K, 0% used [0x00000000e0000000,0x00000000e0000000,0x00000000f0d80000)
  from space 19456K, 99% used [0x00000000f0d80000,0x00000000f207cea8,0x00000000f2080000)
  to   space 22528K, 0% used [0x00000000f6f00000,0x00000000f6f00000,0x00000000f8500000)
 ParOldGen       total 106496K, used 28248K [0x00000000a0000000, 0x00000000a6800000, 0x00000000e0000000)
  object space 106496K, 26% used [0x00000000a0000000,0x00000000a1b96308,0x00000000a6800000)
 Metaspace       used 57056K, capacity 58988K, committed 59136K, reserved 1099776K
  class space    used 7875K, capacity 8345K, committed 8448K, reserved 1048576K
Event: 18.419 GC heap after
Heap after GC invocations=12 (full 3):
 PSYoungGen      total 295424K, used 0K [0x00000000e0000000, 0x00000000f8500000, 0x0000000100000000)
  eden space 275968K, 0% used [0x00000000e0000000,0x00000000e0000000,0x00000000f0d80000)
  from space 19456K, 0% used [0x00000000f0d80000,0x00000000f0d80000,0x00000000f2080000)
  to   space 22528K, 0% used [0x00000000f6f00000,0x00000000f6f00000,0x00000000f8500000)
 ParOldGen       total 156160K, used 33888K [0x00000000a0000000, 0x00000000a9880000, 0x00000000e0000000)
  object space 156160K, 21% used [0x00000000a0000000,0x00000000a2118220,0x00000000a9880000)
 Metaspace       used 57031K, capacity 58916K, committed 59136K, reserved 1099776K
  class space    used 7868K, capacity 8333K, committed 8448K, reserved 1048576K
}
Event: 49.581 GC heap before
{Heap before GC invocations=13 (full 3):
 PSYoungGen      total 295424K, used 275968K [0x00000000e0000000, 0x00000000f8500000, 0x0000000100000000)
  eden space 275968K, 100% used [0x00000000e0000000,0x00000000f0d80000,0x00000000f0d80000)
  from space 19456K, 0% used [0x00000000f0d80000,0x00000000f0d80000,0x00000000f2080000)
  to   space 22528K, 0% used [0x00000000f6f00000,0x00000000f6f00000,0x00000000f8500000)
 ParOldGen       total 156160K, used 33888K [0x00000000a0000000, 0x00000000a9880000, 0x00000000e0000000)
  object space 156160K, 21% used [0x00000000a0000000,0x00000000a2118220,0x00000000a9880000)
 Metaspace       used 65264K, capacity 67496K, committed 67712K, reserved 1107968K
  class space    used 8853K, capacity 9339K, committed 9344K, reserved 1048576K
Event: 49.625 GC heap after
Heap after GC invocations=13 (full 3):
 PSYoungGen      total 354304K, used 22512K [0x00000000e0000000, 0x00000000f8500000, 0x0000000100000000)
  eden space 331776K, 0% used [0x00000000e0000000,0x00000000e0000000,0x00000000f4400000)
  from space 22528K, 99% used [0x00000000f6f00000,0x00000000f84fc0f0,0x00000000f8500000)
  to   space 26112K, 0% used [0x00000000f5200000,0x00000000f5200000,0x00000000f6b80000)
 ParOldGen       total 156160K, used 35000K [0x00000000a0000000, 0x00000000a9880000, 0x00000000e0000000)
  object space 156160K, 22% used [0x00000000a0000000,0x00000000a222e250,0x00000000a9880000)
 Metaspace       used 65264K, capacity 67496K, committed 67712K, reserved 1107968K
  class space    used 8853K, capacity 9339K, committed 9344K, reserved 1048576K
}
Event: 60.881 GC heap before
{Heap before GC invocations=14 (full 3):
 PSYoungGen      total 354304K, used 354288K [0x00000000e0000000, 0x00000000f8500000, 0x0000000100000000)
  eden space 331776K, 100% used [0x00000000e0000000,0x00000000f4400000,0x00000000f4400000)
  from space 22528K, 99% used [0x00000000f6f00000,0x00000000f84fc0f0,0x00000000f8500000)
  to   space 26112K, 0% used [0x00000000f5200000,0x00000000f5200000,0x00000000f6b80000)
 ParOldGen       total 156160K, used 35000K [0x00000000a0000000, 0x00000000a9880000, 0x00000000e0000000)
  object space 156160K, 22% used [0x00000000a0000000,0x00000000a222e250,0x00000000a9880000)
 Metaspace       used 80317K, capacity 83836K, committed 83968K, reserved 1122304K
  class space    used 10784K, capacity 11497K, committed 11520K, reserved 1048576K
Event: 61.064 GC heap after
Heap after GC invocations=14 (full 3):
 PSYoungGen      total 372224K, used 26095K [0x00000000e0000000, 0x00000000fe380000, 0x0000000100000000)
  eden space 346112K, 0% used [0x00000000e0000000,0x00000000e0000000,0x00000000f5200000)
  from space 26112K, 99% used [0x00000000f5200000,0x00000000f6b7bd38,0x00000000f6b80000)
  to   space 48128K, 0% used [0x00000000fb480000,0x00000000fb480000,0x00000000fe380000)
 ParOldGen       total 156160K, used 84769K [0x00000000a0000000, 0x00000000a9880000, 0x00000000e0000000)
  object space 156160K, 54% used [0x00000000a0000000,0x00000000a52c8608,0x00000000a9880000)
 Metaspace       used 80317K, capacity 83836K, committed 83968K, reserved 1122304K
  class space    used 10784K, capacity 11497K, committed 11520K, reserved 1048576K
}

